<?xml version="1.0" encoding="UTF-8"?>
<!-- Generated by org.testng.reporters.JUnitXMLReporter -->
<testsuite hostname="Dell12345" name="Test" tests="1" failures="0" timestamp="12 Feb 2021 07:39:35 GMT" time="0.107" errors="0">
  <testcase name="@BeforeTest sitelaunch" time="0.0" classname="com.proj.Zomato">
    <failure type="java.lang.NoSuchMethodError" message="org.openqa.selenium.chrome.ChromeOptions.addArguments([Ljava/lang/String;)Lorg/openqa/selenium/chrome/ChromeOptions;">
      <![CDATA[java.lang.NoSuchMethodError: org.openqa.selenium.chrome.ChromeOptions.addArguments([Ljava/lang/String;)Lorg/openqa/selenium/chrome/ChromeOptions;
	at com.proj.Zomato.sitelaunch(Zomato.java:23)
... Removed 23 stack frames]]>
    </failure>
  </testcase> <!-- @BeforeTest sitelaunch -->
  <testcase name="Login" time="0.002" classname="com.proj.Zomato">
    <skipped/>
  </testcase> <!-- Login -->
</testsuite> <!-- Test -->
