<?xml version="1.0" encoding="UTF-8"?>
<!-- Generated by org.testng.reporters.JUnitXMLReporter -->
<testsuite hostname="Dell12345" name="Default test" tests="3" failures="0" timestamp="3 Jan 2021 09:33:56 GMT" time="29.754" errors="0">
  <testcase name="register" time="9.482" classname="testNGprog.Phptravels"/>
  <testcase name="login" time="2.903" classname="testNGprog.Phptravels"/>
  <testcase name="forgetpassword" time="2.632" classname="testNGprog.Phptravels"/>
</testsuite> <!-- Default test -->
